root - INFO - SUCCESS: Data imported!
root - INFO - SUCCESS: Data imported!
root - INFO - Testing import_data: SUCCESS
matplotlib.backends._backend_tk - INFO - Could not load matplotlib icon: bad option "foobar": must be aspect, attributes, client, colormapwindows, command, deiconify, focusmodel, forget, frame, geometry, grid, group, iconbitmap, iconify, iconmask, iconname, iconphoto, iconposition, iconwindow, manage, maxsize, minsize, overrideredirect, positionfrom, protocol, resizable, sizefrom, stackorder, state, title, transient, or withdraw
matplotlib.backends._backend_tk - INFO - Could not load matplotlib icon: bad option "foobar": must be aspect, attributes, client, colormapwindows, command, deiconify, focusmodel, forget, frame, geometry, grid, group, iconbitmap, iconify, iconmask, iconname, iconphoto, iconposition, iconwindow, manage, maxsize, minsize, overrideredirect, positionfrom, protocol, resizable, sizefrom, stackorder, state, title, transient, or withdraw
matplotlib.backends._backend_tk - INFO - Could not load matplotlib icon: bad option "foobar": must be aspect, attributes, client, colormapwindows, command, deiconify, focusmodel, forget, frame, geometry, grid, group, iconbitmap, iconify, iconmask, iconname, iconphoto, iconposition, iconwindow, manage, maxsize, minsize, overrideredirect, positionfrom, protocol, resizable, sizefrom, stackorder, state, title, transient, or withdraw
matplotlib.backends._backend_tk - INFO - Could not load matplotlib icon: bad option "foobar": must be aspect, attributes, client, colormapwindows, command, deiconify, focusmodel, forget, frame, geometry, grid, group, iconbitmap, iconify, iconmask, iconname, iconphoto, iconposition, iconwindow, manage, maxsize, minsize, overrideredirect, positionfrom, protocol, resizable, sizefrom, stackorder, state, title, transient, or withdraw
matplotlib.backends._backend_tk - INFO - Could not load matplotlib icon: bad option "foobar": must be aspect, attributes, client, colormapwindows, command, deiconify, focusmodel, forget, frame, geometry, grid, group, iconbitmap, iconify, iconmask, iconname, iconphoto, iconposition, iconwindow, manage, maxsize, minsize, overrideredirect, positionfrom, protocol, resizable, sizefrom, stackorder, state, title, transient, or withdraw
root - INFO - SUCCESS: EDA reports saved to the 'images/eda' folder.
root - INFO - Testing perform_eda: SUCCESS
root - INFO - Testing perform_eda: SUCCESS
root - INFO - Testing perform_eda: SUCCESS
root - INFO - Testing perform_eda: SUCCESS
root - INFO - Testing perform_eda: SUCCESS
root - INFO - SUCCESS: categorical columns encoding completed!
root - INFO - Testing encoder_helper: SUCCESS
root - INFO - SUCCESS: Data split to train and test data is completed!
root - INFO - Testing perform_feature_engineering: SUCCESS
root - INFO - SUCCESS: Data split to train and test data is completed!
matplotlib.backends._backend_tk - INFO - Could not load matplotlib icon: bad option "foobar": must be aspect, attributes, client, colormapwindows, command, deiconify, focusmodel, forget, frame, geometry, grid, group, iconbitmap, iconify, iconmask, iconname, iconphoto, iconposition, iconwindow, manage, maxsize, minsize, overrideredirect, positionfrom, protocol, resizable, sizefrom, stackorder, state, title, transient, or withdraw
matplotlib.backends._backend_tk - INFO - Could not load matplotlib icon: bad option "foobar": must be aspect, attributes, client, colormapwindows, command, deiconify, focusmodel, forget, frame, geometry, grid, group, iconbitmap, iconify, iconmask, iconname, iconphoto, iconposition, iconwindow, manage, maxsize, minsize, overrideredirect, positionfrom, protocol, resizable, sizefrom, stackorder, state, title, transient, or withdraw
root - INFO - SUCCESS: Classification reports saved to the 'images/results' folder.
matplotlib.backends._backend_tk - INFO - Could not load matplotlib icon: bad option "foobar": must be aspect, attributes, client, colormapwindows, command, deiconify, focusmodel, forget, frame, geometry, grid, group, iconbitmap, iconify, iconmask, iconname, iconphoto, iconposition, iconwindow, manage, maxsize, minsize, overrideredirect, positionfrom, protocol, resizable, sizefrom, stackorder, state, title, transient, or withdraw
matplotlib.backends._backend_tk - INFO - Could not load matplotlib icon: bad option "foobar": must be aspect, attributes, client, colormapwindows, command, deiconify, focusmodel, forget, frame, geometry, grid, group, iconbitmap, iconify, iconmask, iconname, iconphoto, iconposition, iconwindow, manage, maxsize, minsize, overrideredirect, positionfrom, protocol, resizable, sizefrom, stackorder, state, title, transient, or withdraw
matplotlib.backends._backend_tk - INFO - Could not load matplotlib icon: bad option "foobar": must be aspect, attributes, client, colormapwindows, command, deiconify, focusmodel, forget, frame, geometry, grid, group, iconbitmap, iconify, iconmask, iconname, iconphoto, iconposition, iconwindow, manage, maxsize, minsize, overrideredirect, positionfrom, protocol, resizable, sizefrom, stackorder, state, title, transient, or withdraw
root - INFO - SUCCESS: Feature importance plot saved to ./images/results/rf_feature_importance.png
root - INFO - SUCCESS: Model training and evaluation completed. Results saved to './images/results' and models saved to './models'.
root - INFO - Testing train_models: SUCCESS
